<?xml version="1.0" encoding="UTF-8"?>
<testng-results skipped="0" failed="0" ignored="0" total="2" passed="2">
  <reporter-output>
  </reporter-output>
  <suite name="All Test Suite" duration-ms="19844" started-at="2020-03-02T12:25:26Z" finished-at="2020-03-02T12:25:46Z">
    <groups>
    </groups>
    <test name="E:/IDEAProject/test_mooc" duration-ms="19844" started-at="2020-03-02T12:25:26Z" finished-at="2020-03-02T12:25:46Z">
      <class name="testCase.LoginCase">
        <test-method status="PASS" signature="getLoginHome()[pri:0, instance:testCase.LoginCase@503d687a]" name="getLoginHome" duration-ms="14695" started-at="2020-03-02T20:25:26Z" finished-at="2020-03-02T20:25:41Z">
          <reporter-output>
          </reporter-output>
        </test-method> <!-- getLoginHome -->
        <test-method status="PASS" signature="testLogin()[pri:0, instance:testCase.LoginCase@503d687a]" name="testLogin" duration-ms="5124" started-at="2020-03-02T20:25:41Z" depends-on-methods="testCase.LoginCase.getLoginHome" finished-at="2020-03-02T20:25:46Z">
          <reporter-output>
          </reporter-output>
        </test-method> <!-- testLogin -->
      </class> <!-- testCase.LoginCase -->
    </test> <!-- E:/IDEAProject/test_mooc -->
  </suite> <!-- All Test Suite -->
</testng-results>
